<?xml version="1.0" encoding="UTF-8"?>
<!-- Generated by org.testng.reporters.JUnitXMLReporter -->
<testsuite hostname="G10GGNLT052" ignored="2" name="BuildingTest" tests="2" failures="1" timestamp="13 Feb 2020 09:36:28 GMT" time="23.684" errors="0">
  <testcase name="LoginIntoArc" time="22.065" classname="com.arc.Building.LoginIntoArcTest">
    <failure type="java.lang.RuntimeException" message="org.openqa.selenium.WebDriverException: Failed to decode response from marionette
Build info: version: &amp;apos;3.141.59&amp;apos;, revision: &amp;apos;e82be7d358&amp;apos;, time: &amp;apos;2018-11-14T08:17:03&amp;apos;
System info: host: &amp;apos;G10GGNLT052&amp;apos;, ip: &amp;apos;172.18.0.167&amp;apos;, os.name: &amp;apos;Windows 10&amp;apos;, os.arch: &amp;apos;amd64&amp;apos;, os.version: &amp;apos;10.0&amp;apos;, java.version: &amp;apos;1.8.0_201&amp;apos;
Driver info: org.openqa.selenium.firefox.FirefoxDriver
Capabilities {acceptInsecureCerts: true, browserName: firefox, browserVersion: 72.0.2, javascriptEnabled: true, moz:accessibilityChecks: false, moz:buildID: 20200117190643, moz:geckodriverVersion: 0.26.0, moz:headless: false, moz:processID: 8960, moz:profile: C:\Users\Group10.G10GGNLT05..., moz:shutdownTimeout: 60000, moz:useNonSpecCompliantPointerOrigin: false, moz:webdriverClick: true, pageLoadStrategy: normal, platform: WINDOWS, platformName: WINDOWS, platformVersion: 10.0, rotatable: false, setWindowRect: true, strictFileInteractability: false, timeouts: {implicit: 0, pageLoad: 300000, script: 30000}, unhandledPromptBehavior: dismiss and notify}
Session ID: 615c6510-7635-43ad-8b6b-8ddd97eeef11
*** Element info: {Using=xpath, value=//*[text()=&amp;quot;Projects&amp;quot;]}">
      <![CDATA[java.lang.RuntimeException: org.openqa.selenium.WebDriverException: Failed to decode response from marionette
Build info: version: '3.141.59', revision: 'e82be7d358', time: '2018-11-14T08:17:03'
System info: host: 'G10GGNLT052', ip: '172.18.0.167', os.name: 'Windows 10', os.arch: 'amd64', os.version: '10.0', java.version: '1.8.0_201'
Driver info: org.openqa.selenium.firefox.FirefoxDriver
Capabilities {acceptInsecureCerts: true, browserName: firefox, browserVersion: 72.0.2, javascriptEnabled: true, moz:accessibilityChecks: false, moz:buildID: 20200117190643, moz:geckodriverVersion: 0.26.0, moz:headless: false, moz:processID: 8960, moz:profile: C:\Users\Group10.G10GGNLT05..., moz:shutdownTimeout: 60000, moz:useNonSpecCompliantPointerOrigin: false, moz:webdriverClick: true, pageLoadStrategy: normal, platform: WINDOWS, platformName: WINDOWS, platformVersion: 10.0, rotatable: false, setWindowRect: true, strictFileInteractability: false, timeouts: {implicit: 0, pageLoad: 300000, script: 30000}, unhandledPromptBehavior: dismiss and notify}
Session ID: 615c6510-7635-43ad-8b6b-8ddd97eeef11
*** Element info: {Using=xpath, value=//*[text()="Projects"]}
	at com.arc.Building.LoginIntoArcTest.LoginIntoArc(LoginIntoArcTest.java:19)
Caused by: org.openqa.selenium.WebDriverException: Failed to decode response from marionette
Build info: version: '3.141.59', revision: 'e82be7d358', time: '2018-11-14T08:17:03'
System info: host: 'G10GGNLT052', ip: '172.18.0.167', os.name: 'Windows 10', os.arch: 'amd64', os.version: '10.0', java.version: '1.8.0_201'
Driver info: org.openqa.selenium.firefox.FirefoxDriver
Capabilities {acceptInsecureCerts: true, browserName: firefox, browserVersion: 72.0.2, javascriptEnabled: true, moz:accessibilityChecks: false, moz:buildID: 20200117190643, moz:geckodriverVersion: 0.26.0, moz:headless: false, moz:processID: 8960, moz:profile: C:\Users\Group10.G10GGNLT05..., moz:shutdownTimeout: 60000, moz:useNonSpecCompliantPointerOrigin: false, moz:webdriverClick: true, pageLoadStrategy: normal, platform: WINDOWS, platformName: WINDOWS, platformVersion: 10.0, rotatable: false, setWindowRect: true, strictFileInteractability: false, timeouts: {implicit: 0, pageLoad: 300000, script: 30000}, unhandledPromptBehavior: dismiss and notify}
Session ID: 615c6510-7635-43ad-8b6b-8ddd97eeef11
*** Element info: {Using=xpath, value=//*[text()="Projects"]}
	at org.openqa.selenium.remote.http.W3CHttpResponseCodec.createException(W3CHttpResponseCodec.java:187)
	at org.openqa.selenium.remote.http.W3CHttpResponseCodec.decode(W3CHttpResponseCodec.java:122)
	at org.openqa.selenium.remote.http.W3CHttpResponseCodec.decode(W3CHttpResponseCodec.java:49)
	at org.openqa.selenium.remote.HttpCommandExecutor.execute(HttpCommandExecutor.java:158)
	at org.openqa.selenium.remote.service.DriverCommandExecutor.execute(DriverCommandExecutor.java:83)
	at org.openqa.selenium.remote.RemoteWebDriver.execute(RemoteWebDriver.java:552)
	at org.openqa.selenium.remote.RemoteWebDriver.findElement(RemoteWebDriver.java:323)
	at org.openqa.selenium.remote.RemoteWebDriver.findElementByXPath(RemoteWebDriver.java:428)
	at org.openqa.selenium.By$ByXPath.findElement(By.java:353)
	at org.openqa.selenium.remote.RemoteWebDriver.findElement(RemoteWebDriver.java:315)
	at com.arc.utility.CommonMethod.findElement(CommonMethod.java:76)
	at com.arc.utility.CommonMethod.visibilityOf(CommonMethod.java:840)
	at com.arc.ReusableMethods.ReusableMethodsLogin.assertPostLoginText(ReusableMethodsLogin.java:58)
	at com.arc.ReusableMethods.ReusableMethodsLogin.LoginToArc(ReusableMethodsLogin.java:71)
	at com.arc.Building.LoginIntoArcTest.LoginIntoArc(LoginIntoArcTest.java:16)
	... 35 more
... Removed 39 stack frames]]>
    </failure>
  </testcase> <!-- LoginIntoArc -->
  <testcase name="AddNewProject" time="0.0" classname="com.arc.Building.AddNewProjectTest">
    <skipped/>
  </testcase> <!-- AddNewProject -->
  <testcase name="@BeforeSuite setup" time="0.0" classname="com.arc.utility.BaseClass">
    <ignored/>
  </testcase> <!-- @BeforeSuite setup -->
  <testcase name="@AfterSuite end" time="0.0" classname="com.arc.utility.BaseClass">
    <ignored/>
  </testcase> <!-- @AfterSuite end -->
</testsuite> <!-- BuildingTest -->
